f:\rpg\rpg\x64\debug\rpg.pch
f:\rpg\rpg\x64\debug\vc143.pdb
f:\rpg\rpg\x64\debug\vc143.idb
f:\rpg\rpg\x64\debug\stdafx.obj
f:\rpg\rpg\x64\debug\tilemap.obj
f:\rpg\rpg\x64\debug\tile.obj
f:\rpg\rpg\x64\debug\state.obj
f:\rpg\rpg\x64\debug\settingstate.obj
f:\rpg\rpg\x64\debug\player.obj
f:\rpg\rpg\x64\debug\pausemenu.obj
f:\rpg\rpg\x64\debug\movementcomponent.obj
f:\rpg\rpg\x64\debug\mainmenustate.obj
f:\rpg\rpg\x64\debug\main.obj
f:\rpg\rpg\x64\debug\hitboxcomponent.obj
f:\rpg\rpg\x64\debug\gamestate.obj
f:\rpg\rpg\x64\debug\game.obj
f:\rpg\rpg\x64\debug\entity.obj
f:\rpg\rpg\x64\debug\editorstate.obj
f:\rpg\rpg\x64\debug\gui.obj
f:\rpg\rpg\x64\debug\graphicssettings.obj
f:\rpg\rpg\x64\debug\animationcomponent.obj
f:\rpg\x64\debug\rpg.exe
f:\rpg\rpg\x64\debug\rpg.ilk
f:\rpg\x64\debug\rpg.pdb
f:\rpg\rpg\x64\debug\rpg.tlog\cl.command.1.tlog
f:\rpg\rpg\x64\debug\rpg.tlog\cl.read.1.tlog
f:\rpg\rpg\x64\debug\rpg.tlog\cl.write.1.tlog
f:\rpg\rpg\x64\debug\rpg.tlog\link.command.1.tlog
f:\rpg\rpg\x64\debug\rpg.tlog\link.read.1.tlog
f:\rpg\rpg\x64\debug\rpg.tlog\link.write.1.tlog
