  AnimationComponent.cpp
F:\RPG\RPG\stdafx.h(23,9): fatal error C1083: Cannot open include file: 'SFML/Graphics.hpp': No such file or directory
  GUI.cpp
F:\RPG\RPG\stdafx.h(23,9): fatal error C1083: Cannot open include file: 'SFML/Graphics.hpp': No such file or directory
  EditorState.cpp
F:\RPG\RPG\stdafx.h(23,9): fatal error C1083: Cannot open include file: 'SFML/Graphics.hpp': No such file or directory
  Entity.cpp
F:\RPG\RPG\stdafx.h(23,9): fatal error C1083: Cannot open include file: 'SFML/Graphics.hpp': No such file or directory
  Game.cpp
F:\RPG\RPG\stdafx.h(23,9): fatal error C1083: Cannot open include file: 'SFML/Graphics.hpp': No such file or directory
  GameState.cpp
F:\RPG\RPG\stdafx.h(23,9): fatal error C1083: Cannot open include file: 'SFML/Graphics.hpp': No such file or directory
  HitBoxComponent.cpp
F:\RPG\RPG\stdafx.h(23,9): fatal error C1083: Cannot open include file: 'SFML/Graphics.hpp': No such file or directory
  Main.cpp
F:\RPG\RPG\MovementComponent.h(8,2): error C2653: 'sf': is not a class or namespace name
F:\RPG\RPG\MovementComponent.h(8,12): error C2143: syntax error: missing ';' before '&'
F:\RPG\RPG\MovementComponent.h(8,12): error C4430: missing type specifier - int assumed. Note: C++ does not support default-int
F:\RPG\RPG\MovementComponent.h(8,20): error C2238: unexpected token(s) preceding ';'
F:\RPG\RPG\MovementComponent.h(9,2): error C2653: 'sf': is not a class or namespace name
F:\RPG\RPG\MovementComponent.h(9,15): error C3646: 'Velocity': unknown override specifier
F:\RPG\RPG\MovementComponent.h(9,23): error C4430: missing type specifier - int assumed. Note: C++ does not support default-int
F:\RPG\RPG\MovementComponent.h(17,20): error C2653: 'sf': is not a class or namespace name
F:\RPG\RPG\MovementComponent.h(17,24): error C2061: syntax error: identifier 'Sprite'
F:\RPG\RPG\MovementComponent.h(21,8): error C2653: 'sf': is not a class or namespace name
F:\RPG\RPG\MovementComponent.h(21,20): error C4430: missing type specifier - int assumed. Note: C++ does not support default-int
F:\RPG\RPG\MovementComponent.h(21,20): error C2143: syntax error: missing ';' before '&'
F:\RPG\RPG\MovementComponent.h(21,40): error C2238: unexpected token(s) preceding ';'
F:\RPG\RPG\AnimationComponent.h(11,3): error C2653: 'sf': is not a class or namespace name
F:\RPG\RPG\AnimationComponent.h(11,13): error C2143: syntax error: missing ';' before '&'
F:\RPG\RPG\AnimationComponent.h(11,13): error C4430: missing type specifier - int assumed. Note: C++ does not support default-int
F:\RPG\RPG\AnimationComponent.h(11,21): error C2238: unexpected token(s) preceding ';'
F:\RPG\RPG\AnimationComponent.h(12,3): error C2653: 'sf': is not a class or namespace name
F:\RPG\RPG\AnimationComponent.h(12,14): error C2143: syntax error: missing ';' before '&'
F:\RPG\RPG\AnimationComponent.h(12,14): error C4430: missing type specifier - int assumed. Note: C++ does not support default-int
F:\RPG\RPG\AnimationComponent.h(12,24): error C2238: unexpected token(s) preceding ';'
F:\RPG\RPG\AnimationComponent.h(19,3): error C2653: 'sf': is not a class or namespace name
F:\RPG\RPG\AnimationComponent.h(19,15): error C3646: 'startR': unknown override specifier
F:\RPG\RPG\AnimationComponent.h(19,21): error C4430: missing type specifier - int assumed. Note: C++ does not support default-int
F:\RPG\RPG\AnimationComponent.h(20,3): error C2653: 'sf': is not a class or namespace name
F:\RPG\RPG\AnimationComponent.h(20,15): error C3646: 'Current': unknown override specifier
F:\RPG\RPG\AnimationComponent.h(20,22): error C4430: missing type specifier - int assumed. Note: C++ does not support default-int
F:\RPG\RPG\AnimationComponent.h(21,3): error C2653: 'sf': is not a class or namespace name
F:\RPG\RPG\AnimationComponent.h(21,15): error C3646: 'endR': unknown override specifier
F:\RPG\RPG\AnimationComponent.h(21,19): error C4430: missing type specifier - int assumed. Note: C++ does not support default-int
F:\RPG\RPG\AnimationComponent.h(22,13): error C2653: 'sf': is not a class or namespace name
F:\RPG\RPG\AnimationComponent.h(22,17): error C2061: syntax error: identifier 'Sprite'
F:\RPG\RPG\AnimationComponent.h(102,2): error C2653: 'sf': is not a class or namespace name
F:\RPG\RPG\AnimationComponent.h(102,12): error C2143: syntax error: missing ';' before '&'
F:\RPG\RPG\AnimationComponent.h(102,12): error C4430: missing type specifier - int assumed. Note: C++ does not support default-int
F:\RPG\RPG\AnimationComponent.h(102,20): error C2238: unexpected token(s) preceding ';'
F:\RPG\RPG\AnimationComponent.h(103,2): error C2653: 'sf': is not a class or namespace name
F:\RPG\RPG\AnimationComponent.h(103,13): error C2143: syntax error: missing ';' before '&'
F:\RPG\RPG\AnimationComponent.h(103,13): error C4430: missing type specifier - int assumed. Note: C++ does not support default-int
F:\RPG\RPG\AnimationComponent.h(103,23): error C2238: unexpected token(s) preceding ';'
F:\RPG\RPG\AnimationComponent.h(104,7): error C2039: 'map': is not a member of 'std'
C:\Program Files\Microsoft Visual Studio\2022\Community\VC\Tools\MSVC\14.30.30705\include\iostream(19): message : see declaration of 'std'
F:\RPG\RPG\AnimationComponent.h(104,10): error C2143: syntax error: missing ';' before '<'
F:\RPG\RPG\AnimationComponent.h(104,10): error C4430: missing type specifier - int assumed. Note: C++ does not support default-int
F:\RPG\RPG\AnimationComponent.h(104,45): error C2238: unexpected token(s) preceding ';'
F:\RPG\RPG\AnimationComponent.h(111,21): error C2653: 'sf': is not a class or namespace name
F:\RPG\RPG\AnimationComponent.h(111,25): error C2061: syntax error: identifier 'Sprite'
F:\RPG\RPG\AnimationComponent.h(22,167): error C2065: 'sprite': undeclared identifier
F:\RPG\RPG\AnimationComponent.h(22,186): error C2065: 'TexSheet': undeclared identifier
F:\RPG\RPG\AnimationComponent.h(22,160): error C2614: 'AnimationComponent::Animation': illegal member initialization: 'sprite' is not a base or member
F:\RPG\RPG\AnimationComponent.h(22,176): error C2614: 'AnimationComponent::Animation': illegal member initialization: 'TexSheet' is not a base or member
F:\RPG\RPG\AnimationComponent.h(25,10): error C2039: 'startR': is not a member of 'AnimationComponent::Animation'
F:\RPG\RPG\AnimationComponent.h(7): message : see declaration of 'AnimationComponent::Animation'
F:\RPG\RPG\AnimationComponent.h(25,19): error C2653: 'sf': is not a class or namespace name
F:\RPG\RPG\AnimationComponent.h(25,31): error C2065: 'startFramex': undeclared identifier
F:\RPG\RPG\AnimationComponent.h(25,49): error C2065: 'startFramey': undeclared identifier
F:\RPG\RPG\AnimationComponent.h(25,23): error C3861: 'IntRect': identifier not found
F:\RPG\RPG\AnimationComponent.h(26,10): error C2039: 'endR': is not a member of 'AnimationComponent::Animation'
F:\RPG\RPG\AnimationComponent.h(7): message : see declaration of 'AnimationComponent::Animation'
F:\RPG\RPG\AnimationComponent.h(26,17): error C2653: 'sf': is not a class or namespace name
F:\RPG\RPG\AnimationComponent.h(26,29): error C2065: 'Framex': undeclared identifier
F:\RPG\RPG\AnimationComponent.h(26,44): error C2065: 'Framey': undeclared identifier
F:\RPG\RPG\AnimationComponent.h(26,21): error C3861: 'IntRect': identifier not found
F:\RPG\RPG\AnimationComponent.h(27,10): error C2039: 'sprite': is not a member of 'AnimationComponent::Animation'
F:\RPG\RPG\AnimationComponent.h(7): message : see declaration of 'AnimationComponent::Animation'
F:\RPG\RPG\AnimationComponent.h(27,34): error C2039: 'TexSheet': is not a member of 'AnimationComponent::Animation'
F:\RPG\RPG\AnimationComponent.h(7): message : see declaration of 'AnimationComponent::Animation'
F:\RPG\RPG\AnimationComponent.h(28,10): error C2039: 'Current': is not a member of 'AnimationComponent::Animation'
F:\RPG\RPG\AnimationComponent.h(7): message : see declaration of 'AnimationComponent::Animation'
F:\RPG\RPG\AnimationComponent.h(28,26): error C2039: 'startR': is not a member of 'AnimationComponent::Animation'
F:\RPG\RPG\AnimationComponent.h(7): message : see declaration of 'AnimationComponent::Animation'
F:\RPG\RPG\AnimationComponent.h(31,10): error C2039: 'sprite': is not a member of 'AnimationComponent::Animation'
F:\RPG\RPG\AnimationComponent.h(7): message : see declaration of 'AnimationComponent::Animation'
F:\RPG\RPG\AnimationComponent.h(31,38): error C2039: 'Current': is not a member of 'AnimationComponent::Animation'
F:\RPG\RPG\AnimationComponent.h(7): message : see declaration of 'AnimationComponent::Animation'
F:\RPG\RPG\AnimationComponent.h(51,14): error C2039: 'Current': is not a member of 'AnimationComponent::Animation'
F:\RPG\RPG\AnimationComponent.h(7): message : see declaration of 'AnimationComponent::Animation'
F:\RPG\RPG\AnimationComponent.h(51,29): error C2039: 'endR': is not a member of 'AnimationComponent::Animation'
F:\RPG\RPG\AnimationComponent.h(7): message : see declaration of 'AnimationComponent::Animation'
F:\RPG\RPG\AnimationComponent.h(53,12): error C2039: 'Current': is not a member of 'AnimationComponent::Animation'
F:\RPG\RPG\AnimationComponent.h(7): message : see declaration of 'AnimationComponent::Animation'
F:\RPG\RPG\AnimationComponent.h(57,12): error C2039: 'Current': is not a member of 'AnimationComponent::Animation'
F:\RPG\RPG\AnimationComponent.h(7): message : see declaration of 'AnimationComponent::Animation'
F:\RPG\RPG\AnimationComponent.h(57,32): error C2039: 'startR': is not a member of 'AnimationComponent::Animation'
F:\RPG\RPG\AnimationComponent.h(7): message : see declaration of 'AnimationComponent::Animation'
F:\RPG\RPG\AnimationComponent.h(60,11): error C2039: 'sprite': is not a member of 'AnimationComponent::Animation'
F:\RPG\RPG\AnimationComponent.h(7): message : see declaration of 'AnimationComponent::Animation'
F:\RPG\RPG\AnimationComponent.h(60,39): error C2039: 'Current': is not a member of 'AnimationComponent::Animation'
F:\RPG\RPG\AnimationComponent.h(7): message : see declaration of 'AnimationComponent::Animation'
F:\RPG\RPG\AnimationComponent.h(79,15): error C2039: 'Current': is not a member of 'AnimationComponent::Animation'
F:\RPG\RPG\AnimationComponent.h(7): message : see declaration of 'AnimationComponent::Animation'
F:\RPG\RPG\AnimationComponent.h(79,32): error C2039: 'endR': is not a member of 'AnimationComponent::Animation'
F:\RPG\RPG\AnimationComponent.h(7): message : see declaration of 'AnimationComponent::Animation'
F:\RPG\RPG\AnimationComponent.h(81,12): error C2039: 'Current': is not a member of 'AnimationComponent::Animation'
F:\RPG\RPG\AnimationComponent.h(7): message : see declaration of 'AnimationComponent::Animation'
F:\RPG\RPG\AnimationComponent.h(85,12): error C2039: 'Current': is not a member of 'AnimationComponent::Animation'
F:\RPG\RPG\AnimationComponent.h(7): message : see declaration of 'AnimationComponent::Animation'
F:\RPG\RPG\AnimationComponent.h(85,33): error C2039: 'startR': is not a member of 'AnimationComponent::Animation'
F:\RPG\RPG\AnimationComponent.h(7): message : see declaration of 'AnimationComponent::Animation'
F:\RPG\RPG\AnimationComponent.h(88,11): error C2039: 'sprite': is not a member of 'AnimationComponent::Animation'
F:\RPG\RPG\AnimationComponent.h(7): message : see declaration of 'AnimationComponent::Animation'
F:\RPG\RPG\AnimationComponent.h(88,39): error C2039: 'Current': is not a member of 'AnimationComponent::Animation'
F:\RPG\RPG\AnimationComponent.h(7): message : see declaration of 'AnimationComponent::Animation'
F:\RPG\RPG\AnimationComponent.h(96,10): error C2039: 'Current': is not a member of 'AnimationComponent::Animation'
F:\RPG\RPG\AnimationComponent.h(7): message : see declaration of 'AnimationComponent::Animation'
F:\RPG\RPG\AnimationComponent.h(96,26): error C2039: 'startR': is not a member of 'AnimationComponent::Animation'
F:\RPG\RPG\AnimationComponent.h(7): message : see declaration of 'AnimationComponent::Animation'
F:\RPG\RPG\HitBoxComponent.h(6,2): error C2653: 'sf': is not a class or namespace name
F:\RPG\RPG\HitBoxComponent.h(6,12): error C2143: syntax error: missing ';' before '&'
F:\RPG\RPG\HitBoxComponent.h(6,12): error C4430: missing type specifier - int assumed. Note: C++ does not support default-int
F:\RPG\RPG\HitBoxComponent.h(6,20): error C2238: unexpected token(s) preceding ';'
F:\RPG\RPG\HitBoxComponent.h(7,2): error C2653: 'sf': is not a class or namespace name
F:\RPG\RPG\HitBoxComponent.h(7,21): error C3646: 'hitbox': unknown override specifier
F:\RPG\RPG\HitBoxComponent.h(7,27): error C4430: missing type specifier - int assumed. Note: C++ does not support default-int
F:\RPG\RPG\HitBoxComponent.h(12,18): error C2653: 'sf': is not a class or namespace name
F:\RPG\RPG\HitBoxComponent.h(12,22): error C2061: syntax error: identifier 'Sprite'
F:\RPG\RPG\HitBoxComponent.h(19,28): error C2653: 'sf': is not a class or namespace name
F:\RPG\RPG\HitBoxComponent.h(19,42): error C4430: missing type specifier - int assumed. Note: C++ does not support default-int
F:\RPG\RPG\HitBoxComponent.h(19,42): error C2146: syntax error: missing ')' before identifier 'Frect'
F:\RPG\RPG\HitBoxComponent.h(19,42): error C3646: 'Frect': unknown override specifier
F:\RPG\RPG\HitBoxComponent.h(19,47): error C2059: syntax error: ')'
F:\RPG\RPG\HitBoxComponent.h(21,14): error C2653: 'sf': is not a class or namespace name
F:\RPG\RPG\HitBoxComponent.h(21,18): error C2061: syntax error: identifier 'RenderTarget'
F:\RPG\RPG\Entity.h(8,2): error C2653: 'sf': is not a class or namespace name
F:\RPG\RPG\Entity.h(8,15): error C3646: 'mouseposScreen': unknown override specifier
F:\RPG\RPG\Entity.h(8,29): error C4430: missing type specifier - int assumed. Note: C++ does not support default-int
F:\RPG\RPG\Entity.h(9,2): error C2653: 'sf': is not a class or namespace name
F:\RPG\RPG\Entity.h(9,15): error C3646: 'mouseposWindow': unknown override specifier
F:\RPG\RPG\Entity.h(9,29): error C4430: missing type specifier - int assumed. Note: C++ does not support default-int
F:\RPG\RPG\Entity.h(10,2): error C2653: 'sf': is not a class or namespace name
F:\RPG\RPG\Entity.h(10,15): error C3646: 'mouseposView': unknown override specifier
F:\RPG\RPG\Entity.h(10,27): error C4430: missing type specifier - int assumed. Note: C++ does not support default-int
F:\RPG\RPG\Entity.h(12,2): error C2653: 'sf': is not a class or namespace name
F:\RPG\RPG\Entity.h(12,13): error C3646: 'sprite': unknown override specifier
F:\RPG\RPG\Entity.h(12,19): error C4430: missing type specifier - int assumed. Note: C++ does not support default-int
F:\RPG\RPG\Entity.h(21,18): error C2653: 'sf': is not a class or namespace name
F:\RPG\RPG\Entity.h(21,22): error C2061: syntax error: identifier 'Texture'
F:\RPG\RPG\Entity.h(23,24): error C2653: 'sf': is not a class or namespace name
F:\RPG\RPG\Entity.h(23,28): error C2061: syntax error: identifier 'Texture'
F:\RPG\RPG\Entity.h(24,20): error C2653: 'sf': is not a class or namespace name
F:\RPG\RPG\Entity.h(24,24): error C2061: syntax error: identifier 'Sprite'
F:\RPG\RPG\Entity.h(30,22): error C2653: 'sf': is not a class or namespace name
F:\RPG\RPG\Entity.h(30,26): error C2061: syntax error: identifier 'RenderTarget'
F:\RPG\RPG\Player.h(13,26): error C2653: 'sf': is not a class or namespace name
F:\RPG\RPG\Player.h(13): fatal error C1003: error count exceeds 100; stopping compilation
  MainMenuState.cpp
F:\RPG\RPG\stdafx.h(23,9): fatal error C1083: Cannot open include file: 'SFML/Graphics.hpp': No such file or directory
  MovementComponent.cpp
F:\RPG\RPG\stdafx.h(23,9): fatal error C1083: Cannot open include file: 'SFML/Graphics.hpp': No such file or directory
  PauseMenu.cpp
F:\RPG\RPG\stdafx.h(23,9): fatal error C1083: Cannot open include file: 'SFML/Graphics.hpp': No such file or directory
  Player.cpp
F:\RPG\RPG\stdafx.h(23,9): fatal error C1083: Cannot open include file: 'SFML/Graphics.hpp': No such file or directory
  SettingState.cpp
F:\RPG\RPG\stdafx.h(23,9): fatal error C1083: Cannot open include file: 'SFML/Graphics.hpp': No such file or directory
  stdafx.cpp
F:\RPG\RPG\stdafx.h(23,9): fatal error C1083: Cannot open include file: 'SFML/Graphics.hpp': No such file or directory
  State.cpp
F:\RPG\RPG\stdafx.h(23,9): fatal error C1083: Cannot open include file: 'SFML/Graphics.hpp': No such file or directory
  Tile.cpp
F:\RPG\RPG\stdafx.h(23,9): fatal error C1083: Cannot open include file: 'SFML/Graphics.hpp': No such file or directory
  TileMap.cpp
F:\RPG\RPG\stdafx.h(23,9): fatal error C1083: Cannot open include file: 'SFML/Graphics.hpp': No such file or directory

Project Performance Summary:
     9465 ms  F:\RPG\RPG\RPG.vcxproj                     1 calls
               9465 ms  Build                                      1 calls

Target Performance Summary:
        0 ms  BeforeBuildGenerateSources                 1 calls
        0 ms  GetReferencedVCProjectsInfo                1 calls
        0 ms  BuildGenerateSourcesTraverse               1 calls
        0 ms  _SelectedFiles                             1 calls
        0 ms  SelectCustomBuild                          1 calls
        0 ms  ComputeCustomBuildOutput                   1 calls
        0 ms  _Xsd                                       1 calls
        0 ms  MakeDirsForMidl                            1 calls
        0 ms  ComputeMIDLGeneratedCompileInputs          1 calls
        0 ms  AfterMidl                                  1 calls
        0 ms  _Midl                                      1 calls
        0 ms  AfterBuildGenerateSources                  1 calls
        0 ms  AfterBuildGenerateSourcesEvent             1 calls
        0 ms  _BuildGenerateSourcesAction                1 calls
        0 ms  BuildGenerateSources                       1 calls
        0 ms  BuildCompileTraverse                       1 calls
        0 ms  ComputeCLInputPDBName                      1 calls
        0 ms  FindReferenceAssembliesForReferences       1 calls
        0 ms  AfterResolveReferences                     1 calls
        0 ms  ResolveAssemblyReferences                  1 calls
        0 ms  ResolveReferences                          1 calls
        0 ms  ResolveSDKReferences                       1 calls
        0 ms  _PrepareForBuild                           1 calls
        0 ms  _PrepareForReferenceResolution             1 calls
        0 ms  AssignProjectConfiguration                 1 calls
        0 ms  _SplitProjectReferencesByFileExistence     1 calls
        0 ms  _AddOutputPathToGlobalPropertiesToRemove   1 calls
        0 ms  PrepareProjectReferences                   1 calls
        0 ms  ResolveProjectReferences                   1 calls
        0 ms  ExpandSDKReferences                        1 calls
        0 ms  GetFrameworkPaths                          1 calls
        0 ms  ComputeReferenceCLInput                    1 calls
        0 ms  SetCABuildNativeEnvironmentVariables       1 calls
        0 ms  GetResolvedWinMD                           1 calls
        1 ms  BeforeClCompile                            1 calls
        1 ms  MakeDirsForCl                              1 calls
        1 ms  _GetProjectReferenceTargetFrameworkProperties   1 calls
        1 ms  CustomBuild                                1 calls
        1 ms  GetReferenceAssemblyPaths                  1 calls
        1 ms  CopyFileToFolders                          1 calls
        1 ms  SetTelemetryEnvironmentVariables           1 calls
        1 ms  BeforeResolveReferences                    1 calls
        1 ms  SelectClCompile                            1 calls
        1 ms  PreBuildEvent                              1 calls
        2 ms  SetBuildDefaultEnvironmentVariables        1 calls
        2 ms  WarnCompileDuplicatedFilename              1 calls
        2 ms  _CheckWindowsSDKInstalled                  1 calls
        3 ms  PrepareForBuild                            1 calls
        3 ms  _CheckForInvalidConfigurationAndPlatform   1 calls
        4 ms  FixupCLCompileOptions                      1 calls
        4 ms  AddExternalIncludDirectoriesToPaths        1 calls
        6 ms  InitializeBuildStatus                      1 calls
     9427 ms  ClCompile                                  1 calls

Task Performance Summary:
        0 ms  Message                                    2 calls
        0 ms  AssignProjectConfiguration                 1 calls
        0 ms  MSBuild                                    1 calls
        0 ms  MakeDir                                    5 calls
        0 ms  CheckVCToolsetVersion                      1 calls
        0 ms  Touch                                      1 calls
        1 ms  SetEnv                                     9 calls
        1 ms  Delete                                     1 calls
        1 ms  ReadLinesFromFile                          1 calls
        1 ms  GetOutOfDateItems                          3 calls
        5 ms  WriteLinesToFile                           1 calls
     9423 ms  CL                                         1 calls
