f:\rpg\rpg\x64\release\vc143.pdb
f:\rpg\rpg\x64\release\state.obj
f:\rpg\rpg\x64\release\main.obj
f:\rpg\rpg\x64\release\game.obj
f:\rpg\rpg\x64\release\gamestate.obj
f:\rpg\rpg\x64\release\entity.obj
f:\rpg\rpg\x64\release\mainmenustate.obj
f:\rpg\rpg\x64\release\button.obj
f:\rpg\rpg\x64\release\player.obj
f:\rpg\rpg\x64\release\movementcomponent.obj
f:\rpg\rpg\x64\release\hitboxcomponent.obj
f:\rpg\rpg\x64\release\editorstate.obj
f:\rpg\rpg\x64\release\animationcomponent.obj
f:\rpg\rpg\x64\release\tile.obj
f:\rpg\rpg\x64\release\pausemenu.obj
f:\rpg\rpg\x64\release\settingstate.obj
f:\rpg\rpg\x64\release\gui.obj
f:\rpg\rpg\x64\release\tilemap.obj
f:\rpg\x64\release\rpg.exe
f:\rpg\rpg\x64\release\rpg.ipdb
f:\rpg\x64\release\rpg.pdb
f:\rpg\rpg\x64\release\rpg.iobj
f:\rpg\rpg\x64\release\rpg.tlog\cl.command.1.tlog
f:\rpg\rpg\x64\release\rpg.tlog\cl.read.1.tlog
f:\rpg\rpg\x64\release\rpg.tlog\cl.write.1.tlog
f:\rpg\rpg\x64\release\rpg.tlog\link.command.1.tlog
f:\rpg\rpg\x64\release\rpg.tlog\link.read.1.tlog
f:\rpg\rpg\x64\release\rpg.tlog\link.write.1.tlog
