  AnimationComponent.cpp
F:\RPG\RPG\stdafx.h(23,9): fatal error C1083: Cannot open include file: 'SFML/Graphics.hpp': No such file or directory
  GUI.cpp
F:\RPG\RPG\stdafx.h(23,9): fatal error C1083: Cannot open include file: 'SFML/Graphics.hpp': No such file or directory
  EditorState.cpp
F:\RPG\RPG\stdafx.h(23,9): fatal error C1083: Cannot open include file: 'SFML/Graphics.hpp': No such file or directory
  Entity.cpp
F:\RPG\RPG\stdafx.h(23,9): fatal error C1083: Cannot open include file: 'SFML/Graphics.hpp': No such file or directory
  Game.cpp
F:\RPG\RPG\stdafx.h(23,9): fatal error C1083: Cannot open include file: 'SFML/Graphics.hpp': No such file or directory
  GameState.cpp
F:\RPG\RPG\stdafx.h(23,9): fatal error C1083: Cannot open include file: 'SFML/Graphics.hpp': No such file or directory
  HitBoxComponent.cpp
F:\RPG\RPG\stdafx.h(23,9): fatal error C1083: Cannot open include file: 'SFML/Graphics.hpp': No such file or directory
  Main.cpp
F:\RPG\RPG\stdafx.h(23,9): fatal error C1083: Cannot open include file: 'SFML/Graphics.hpp': No such file or directory
  MainMenuState.cpp
F:\RPG\RPG\stdafx.h(23,9): fatal error C1083: Cannot open include file: 'SFML/Graphics.hpp': No such file or directory
  MovementComponent.cpp
F:\RPG\RPG\stdafx.h(23,9): fatal error C1083: Cannot open include file: 'SFML/Graphics.hpp': No such file or directory
  PauseMenu.cpp
F:\RPG\RPG\stdafx.h(23,9): fatal error C1083: Cannot open include file: 'SFML/Graphics.hpp': No such file or directory
  Player.cpp
F:\RPG\RPG\stdafx.h(23,9): fatal error C1083: Cannot open include file: 'SFML/Graphics.hpp': No such file or directory
  SettingState.cpp
F:\RPG\RPG\stdafx.h(23,9): fatal error C1083: Cannot open include file: 'SFML/Graphics.hpp': No such file or directory
  stdafx.cpp
F:\RPG\RPG\stdafx.h(23,9): fatal error C1083: Cannot open include file: 'SFML/Graphics.hpp': No such file or directory
  State.cpp
F:\RPG\RPG\stdafx.h(23,9): fatal error C1083: Cannot open include file: 'SFML/Graphics.hpp': No such file or directory
  Tile.cpp
F:\RPG\RPG\stdafx.h(23,9): fatal error C1083: Cannot open include file: 'SFML/Graphics.hpp': No such file or directory
  TileMap.cpp
F:\RPG\RPG\stdafx.h(23,9): fatal error C1083: Cannot open include file: 'SFML/Graphics.hpp': No such file or directory

Project Performance Summary:
    10387 ms  F:\RPG\RPG\RPG.vcxproj                     1 calls
              10387 ms  Build                                      1 calls

Target Performance Summary:
        0 ms  BeforeBuildGenerateSources                 1 calls
        0 ms  BuildGenerateSourcesTraverse               1 calls
        0 ms  SelectClCompile                            1 calls
        0 ms  _SelectedFiles                             1 calls
        0 ms  SelectCustomBuild                          1 calls
        0 ms  ComputeCustomBuildOutput                   1 calls
        0 ms  CopyFileToFolders                          1 calls
        0 ms  _Xsd                                       1 calls
        0 ms  ComputeMIDLGeneratedCompileInputs          1 calls
        0 ms  AfterMidl                                  1 calls
        0 ms  _Midl                                      1 calls
        0 ms  AfterBuildGenerateSources                  1 calls
        0 ms  AfterBuildGenerateSourcesEvent             1 calls
        0 ms  _BuildGenerateSourcesAction                1 calls
        0 ms  BuildGenerateSources                       1 calls
        0 ms  BuildCompileTraverse                       1 calls
        0 ms  BeforeClCompile                            1 calls
        0 ms  ComputeCLInputPDBName                      1 calls
        0 ms  GetReferencedVCProjectsInfo                1 calls
        0 ms  AfterResolveReferences                     1 calls
        0 ms  ResolveReferences                          1 calls
        0 ms  ResolveSDKReferences                       1 calls
        0 ms  SetTelemetryEnvironmentVariables           1 calls
        0 ms  _PrepareForReferenceResolution             1 calls
        0 ms  _CheckWindowsSDKInstalled                  1 calls
        0 ms  BeforeResolveReferences                    1 calls
        0 ms  AddExternalIncludDirectoriesToPaths        1 calls
        0 ms  _SplitProjectReferencesByFileExistence     1 calls
        0 ms  _AddOutputPathToGlobalPropertiesToRemove   1 calls
        0 ms  GetFrameworkPaths                          1 calls
        0 ms  ExpandSDKReferences                        1 calls
        0 ms  PrepareProjectReferences                   1 calls
        1 ms  SetBuildDefaultEnvironmentVariables        1 calls
        1 ms  MakeDirsForMidl                            1 calls
        1 ms  AssignProjectConfiguration                 1 calls
        1 ms  FindReferenceAssembliesForReferences       1 calls
        1 ms  ResolveProjectReferences                   1 calls
        1 ms  ComputeReferenceCLInput                    1 calls
        1 ms  WarnCompileDuplicatedFilename              1 calls
        1 ms  _PrepareForBuild                           1 calls
        1 ms  ResolveAssemblyReferences                  1 calls
        1 ms  _GetProjectReferenceTargetFrameworkProperties   1 calls
        1 ms  PreBuildEvent                              1 calls
        1 ms  GetReferenceAssemblyPaths                  1 calls
        1 ms  SetCABuildNativeEnvironmentVariables       1 calls
        2 ms  InitializeBuildStatus                      1 calls
        2 ms  CustomBuild                                1 calls
        2 ms  MakeDirsForCl                              1 calls
        3 ms  _CheckForInvalidConfigurationAndPlatform   1 calls
        3 ms  FixupCLCompileOptions                      1 calls
        3 ms  PrepareForBuild                            1 calls
        6 ms  GetResolvedWinMD                           1 calls
    10351 ms  ClCompile                                  1 calls

Task Performance Summary:
        0 ms  Message                                    2 calls
        0 ms  SetEnv                                     9 calls
        0 ms  MSBuild                                    1 calls
        0 ms  MakeDir                                    5 calls
        0 ms  WriteLinesToFile                           1 calls
        0 ms  Delete                                     1 calls
        1 ms  CheckVCToolsetVersion                      1 calls
        1 ms  ReadLinesFromFile                          1 calls
        1 ms  GetOutOfDateItems                          3 calls
        1 ms  AssignProjectConfiguration                 1 calls
        1 ms  Touch                                      1 calls
    10349 ms  CL                                         1 calls
